[33m[nodemon] 3.0.1[39m
[33m[nodemon] to restart at any time, enter `rs`[39m
[33m[nodemon] watching path(s): *.*[39m
[33m[nodemon] watching extensions: js,mjs,cjs,json[39m
[32m[nodemon] starting `node src/app.js`[39m
Executing (default): SELECT 1+1 AS result
node:events:491
      throw er; // Unhandled 'error' event
      ^

Error: listen EADDRINUSE: address already in use :::29542
    at Server.setupListenHandle [as _listen2] (node:net:1727:16)
    at listenInCluster (node:net:1775:12)
    at Server.listen (node:net:1863:7)
    at Function.listen (/var/www/html/eventoscatolicos.com.br/public_html/producao/EventosCatolicos/Back/node_modules/express/lib/application.js:635:24)
    at /var/www/html/eventoscatolicos.com.br/public_html/producao/EventosCatolicos/Back/src/app.js:29:9
    at process.processTicksAndRejections (node:internal/process/task_queues:95:5)
Emitted 'error' event on Server instance at:
    at emitErrorNT (node:net:1754:8)
    at process.processTicksAndRejections (node:internal/process/task_queues:82:21) {
  code: 'EADDRINUSE',
  errno: -9[32m[nodemon] restarting due to changes...[39m
[32m[nodemon] starting `node src/app.js`[39m
[32m[nodemon] restarting due to changes...[39m
[32m[nodemon] starting `node src/app.js`[39m
Executing (default): SELECT 1+1 AS result
node:events:491
      throw er; // Unhandled 'error' event
      ^

Error: listen EADDRINUSE: address already iExecuting (default): SELECT 1+1 AS result
node:events:491
      throw er; // Unhandled 'error' event
      ^

Error: listen EADDRINUSE: address already in use :::29542
    at Server.setupListenHandle [as _listen2] (node:net:1727:16)
    at listenInCluster (node:net:1775:12)
    at Server.listen (node:net:1863:7)
    at Function.listen (/var/www/html/eventoscatolicos.com.br/public_html/producao/EventosCatolicos/Back/node_modules/express/lib/application.js:635:24)
    at /var/www/html/eventoscatolicos.com.br/public_html/producao/EventosCatolicos/Back/src/app.js:29:9
    at process.processTicksAndRejections (node:internal/process/task_queues:95:5)
Emitted 'error' event on Server instance at:
    at emitErrorNT (node:net:1754:8)
    at process.processTicksAndRejections (node:internal/process/task_queues:82:21) {
  code: 'EADDRINUSE',
  errno: -98,
  syscall: 'listen',
  address: '::',
  port: 29542
}

Node.js v18.13.0
[31m[nodemon] app crashed - waiting for file changes before starting...[39m
[32m[nodemon] restarting child process[39m
[32m[nodemon] starting `node src/app.js`[39m
39m
[32m[nodemon] restarting due to changes...[39m
[32m[nodemon] starting `node src/app.js`[39m
Executing (default): SELECT 1+1 AS result
node:events:491
      throw er; // Unhandled 'error' event
      ^

Error: listen EADDRINUSE: address already in use :::29542
    at Server.setupListenHandle [as _listen2] (node:net:1727:16)
    at listenInCluster (node:net:1775:12)
    at Server.listen (node:net:1863:7)
    at Function.listen (/var/www/html/eventoscatolicos.com.br/public_html/producao/EventosCatolicos/Back/node_modules/express/lib/application.js:635:24)
    at /var/www/html/eventoscatolicos.com.br/public_html/producao/EventosCatolicos/Back/src/app.js:29:9
    at process.processTicksAndRejections (node:internal/process/task_queues:95:5)
Emitted 'error' event on Server instance at:
    at emitErrorNT (node:net:1754:8)
    at process.processTicksAndRejections (node:internal/process/task_queues:82:21) {
  code: 'EADDRINUSE',
  errno: -98,
  syscall: 'listen',
  address: '::',
  port: 29542
}

Node.js v18.13.0
[31m[nodemon] app crashed - waiting for file changes before starting...[39m
[32m[nodemon] restarting child process[39m
[32m[nodemon] starting `node src/app.js`[39m
